#-----------------------------------------------------------
# Vivado v2017.1 (64-bit)
# SW Build 1846317 on Fri Apr 14 18:55:03 MDT 2017
# IP Build 1846188 on Fri Apr 14 20:52:08 MDT 2017
# Start of session at: Fri Mar 25 13:34:32 2022
# Process ID: 78268
# Current directory: E:/FPGA/SCRs_Controller_0518
# Command line: vivado.exe -gui_launcher_event rodinguilauncherevent108776 E:\FPGA\SCRs_Controller_0518\SineWave.xpr
# Log file: E:/FPGA/SCRs_Controller_0518/vivado.log
# Journal file: E:/FPGA/SCRs_Controller_0518\vivado.jou
#-----------------------------------------------------------
start_gui
open_project E:/FPGA/SCRs_Controller_0518/SineWave.xpr
INFO: [Project 1-313] Project file moved from 'D:/VivdoProjects/SCRs_Controller' since last save.
Scanning sources...
Finished scanning sources
INFO: [Project 1-230] Project 'SineWave.xpr' upgraded for this version of Vivado.
INFO: [IP_Flow 19-234] Refreshing IP repositories
INFO: [IP_Flow 19-1704] No user IP repositories specified
INFO: [IP_Flow 19-2313] Loaded Vivado IP repository 'C:/Xilinxx/Vivado/2017.1/data/ip'.
open_project: Time (s): cpu = 00:00:11 ; elapsed = 00:00:21 . Memory (MB): peak = 848.770 ; gain = 122.875
update_compile_order -fileset sources_1
close_project
open_project E:/FPGA/SCRs_XADC_Sqwave/SineWave.xpr
Scanning sources...
Finished scanning sources
INFO: [IP_Flow 19-234] Refreshing IP repositories
INFO: [IP_Flow 19-1704] No user IP repositories specified
INFO: [IP_Flow 19-2313] Loaded Vivado IP repository 'C:/Xilinxx/Vivado/2017.1/data/ip'.
WARNING: [IP_Flow 19-2162] IP 'xadc_wiz_0' is locked:
* IP definition 'XADC Wizard (3.3)' for IP 'xadc_wiz_0' (customized with software release 2016.4) has a different revision in the IP Catalog.
Please select 'Report IP Status' from the 'Tools/Report' menu or run Tcl command 'report_ip_status' for more information.
update_compile_order -fileset sources_1
close_project
open_project -read_only E:/FPGA/SCRs_SB7/SCRs_AXI.xpr
INFO: [Project 1-313] Project file moved from 'D:/VivdoProjects/SCRs_SB7' since last save.
Scanning sources...
Finished scanning sources
WARNING: [filemgmt 56-2] IP Repository Path: Could not find the directory 'E:/FPGA/ip_repo/SCRs_Controller_1.0', nor could it be found using path 'D:/VivdoProjects/ip_repo/SCRs_Controller_1.0'.
INFO: [IP_Flow 19-234] Refreshing IP repositories
WARNING: [IP_Flow 19-2248] Failed to load user IP repository 'e:/FPGA/ip_repo/SCRs_Controller_1.0'; Can't find the specified path.
If this directory should no longer be in your list of user repositories, go to the IP Settings dialog and remove it.
INFO: [IP_Flow 19-2313] Loaded Vivado IP repository 'C:/Xilinxx/Vivado/2017.1/data/ip'.
WARNING: [BD 41-1663] The design 'design_1.bd' is locked for any modification. Locked reason(s):
* Project read-only. Please run 'save_project_as' before making any change to the bd-design. 

WARNING: [BD 41-1661] One or more IPs have been locked in the design 'design_1.bd'. Please run report_ip_status for more details and recommendations on how to fix this issue.
List of locked IPs:
design_1_auto_pc_0
design_1_processing_system7_0_0
design_1_ps7_0_axi_periph_0
design_1_rst_ps7_0_100M_0
design_1_SCRs_Controller_0_1

WARNING: [Project 1-229] Project 'SCRs_AXI.xpr' is read-only and therefore could not be upgraded for this version of Vivado.  Use 'File | Save Project As...' if you wish to save an upgraded copy.
open_project: Time (s): cpu = 00:00:05 ; elapsed = 00:00:10 . Memory (MB): peak = 854.281 ; gain = 0.000
update_compile_order -fileset sources_1
close_project
open_project E:/FPGA/SCRs_Controller_0518/SineWave.xpr
Scanning sources...
Finished scanning sources
INFO: [IP_Flow 19-234] Refreshing IP repositories
INFO: [IP_Flow 19-1704] No user IP repositories specified
INFO: [IP_Flow 19-2313] Loaded Vivado IP repository 'C:/Xilinxx/Vivado/2017.1/data/ip'.
update_compile_order -fileset sources_1
exit
INFO: [Common 17-206] Exiting Vivado at Fri Mar 25 13:40:07 2022...
